<?xml version="1.0" encoding="UTF-8"?>
<testng-results ignored="0" total="1" passed="1" failed="0" skipped="0">
  <reporter-output>
  </reporter-output>
  <suite started-at="2023-03-13T23:35:59 TRT" name="Default suite" finished-at="2023-03-13T23:36:11 TRT" duration-ms="11329">
    <groups>
    </groups>
    <test started-at="2023-03-13T23:35:59 TRT" name="Default test" finished-at="2023-03-13T23:36:11 TRT" duration-ms="11329">
      <class name="review.practice">
        <test-method is-config="true" signature="home_page()[pri:0, instance:review.practice@6dc17b83]" started-at="2023-03-13T23:35:59 TRT" name="home_page" finished-at="2023-03-13T23:36:05 TRT" duration-ms="5281" status="PASS">
          <reporter-output>
          </reporter-output>
        </test-method> <!-- home_page -->
        <test-method signature="open()[pri:0, instance:review.practice@6dc17b83]" started-at="2023-03-13T23:36:05 TRT" name="open" finished-at="2023-03-13T23:36:11 TRT" duration-ms="6015" status="PASS">
          <reporter-output>
          </reporter-output>
        </test-method> <!-- open -->
      </class> <!-- review.practice -->
    </test> <!-- Default test -->
  </suite> <!-- Default suite -->
</testng-results>
